{"/Users/dideloswah/Desktop/ScoreBoard/src/index.js": {"path":"/Users/dideloswah/Desktop/ScoreBoard/src/index.js","statementMap":{"0":{"start":{"line":1,"column":32},"end":{"line":1,"column":83}},"1":{"start":{"line":1,"column":97},"end":{"line":1,"column":113}},"2":{"start":{"line":1,"column":128},"end":{"line":1,"column":158}},"3":{"start":{"line":2,"column":16},"end":{"line":2,"column":36}},"4":{"start":{"line":2,"column":54},"end":{"line":2,"column":87}},"5":{"start":{"line":4,"column":11},"end":{"line":4,"column":38}},"6":{"start":{"line":4,"column":51},"end":{"line":4,"column":79}},"7":{"start":{"line":5,"column":0},"end":{"line":5,"column":23}},"8":{"start":{"line":5,"column":61},"end":{"line":5,"column":115}},"9":{"start":{"line":7,"column":0},"end":{"line":9,"column":33}}},"fnMap":{"0":{"name":"_interopRequireDefault","decl":{"start":{"line":5,"column":32},"end":{"line":5,"column":54}},"loc":{"start":{"line":5,"column":60},"end":{"line":5,"column":116}},"line":5}},"branchMap":{"0":{"loc":{"start":{"line":5,"column":68},"end":{"line":5,"column":114}},"type":"cond-expr","locations":[{"start":{"line":5,"column":92},"end":{"line":5,"column":95}},{"start":{"line":5,"column":98},"end":{"line":5,"column":114}}],"line":5},"1":{"loc":{"start":{"line":5,"column":68},"end":{"line":5,"column":89}},"type":"binary-expr","locations":[{"start":{"line":5,"column":68},"end":{"line":5,"column":71}},{"start":{"line":5,"column":75},"end":{"line":5,"column":89}}],"line":5}},"s":{"0":0,"1":0,"2":0,"3":0,"4":0,"5":0,"6":0,"7":0,"8":0,"9":0},"f":{"0":0},"b":{"0":[0,0],"1":[0,0]}}
,"/Users/dideloswah/Desktop/ScoreBoard/src/components/AddPlayerForm.js": {"path":"/Users/dideloswah/Desktop/ScoreBoard/src/components/AddPlayerForm.js","statementMap":{"0":{"start":{"line":1,"column":13},"end":{"line":1,"column":75}},"1":{"start":{"line":1,"column":94},"end":{"line":1,"column":164}},"2":{"start":{"line":1,"column":178},"end":{"line":1,"column":194}},"3":{"start":{"line":1,"column":209},"end":{"line":1,"column":239}},"4":{"start":{"line":1,"column":278},"end":{"line":1,"column":332}},"5":{"start":{"line":3,"column":78},"end":{"line":16,"column":17}},"6":{"start":{"line":9,"column":12},"end":{"line":9,"column":53}},"7":{"start":{"line":13,"column":12},"end":{"line":13,"column":31}},"8":{"start":{"line":14,"column":12},"end":{"line":14,"column":51}},"9":{"start":{"line":15,"column":12},"end":{"line":15,"column":41}},"10":{"start":{"line":18,"column":8},"end":{"line":27,"column":113}},"11":{"start":{"line":31,"column":6},"end":{"line":34,"column":14}}},"fnMap":{"0":{"name":"_interopRequireDefault","decl":{"start":{"line":1,"column":249},"end":{"line":1,"column":271}},"loc":{"start":{"line":1,"column":277},"end":{"line":1,"column":333}},"line":1},"1":{"name":"(anonymous_1)","decl":{"start":{"line":3,"column":46},"end":{"line":3,"column":47}},"loc":{"start":{"line":3,"column":67},"end":{"line":16,"column":18}},"line":3},"2":{"name":"(anonymous_2)","decl":{"start":{"line":8,"column":28},"end":{"line":8,"column":29}},"loc":{"start":{"line":8,"column":33},"end":{"line":10,"column":9}},"line":8},"3":{"name":"(anonymous_3)","decl":{"start":{"line":12,"column":23},"end":{"line":12,"column":24}},"loc":{"start":{"line":12,"column":28},"end":{"line":16,"column":9}},"line":12},"4":{"name":"(anonymous_4)","decl":{"start":{"line":17,"column":4},"end":{"line":17,"column":5}},"loc":{"start":{"line":17,"column":13},"end":{"line":31,"column":5}},"line":17}},"branchMap":{"0":{"loc":{"start":{"line":1,"column":285},"end":{"line":1,"column":331}},"type":"cond-expr","locations":[{"start":{"line":1,"column":309},"end":{"line":1,"column":312}},{"start":{"line":1,"column":315},"end":{"line":1,"column":331}}],"line":1},"1":{"loc":{"start":{"line":1,"column":285},"end":{"line":1,"column":306}},"type":"binary-expr","locations":[{"start":{"line":1,"column":285},"end":{"line":1,"column":288}},{"start":{"line":1,"column":292},"end":{"line":1,"column":306}}],"line":1}},"s":{"0":0,"1":0,"2":0,"3":0,"4":0,"5":0,"6":0,"7":0,"8":0,"9":0,"10":0,"11":0},"f":{"0":0,"1":0,"2":0,"3":0,"4":0},"b":{"0":[0,0],"1":[0,0]}}
,"/Users/dideloswah/Desktop/ScoreBoard/src/components/App.js": {"path":"/Users/dideloswah/Desktop/ScoreBoard/src/components/App.js","statementMap":{"0":{"start":{"line":1,"column":13},"end":{"line":1,"column":75}},"1":{"start":{"line":1,"column":94},"end":{"line":1,"column":154}},"2":{"start":{"line":1,"column":168},"end":{"line":1,"column":184}},"3":{"start":{"line":1,"column":199},"end":{"line":1,"column":229}},"4":{"start":{"line":2,"column":14},"end":{"line":2,"column":33}},"5":{"start":{"line":2,"column":49},"end":{"line":2,"column":80}},"6":{"start":{"line":3,"column":14},"end":{"line":3,"column":33}},"7":{"start":{"line":3,"column":49},"end":{"line":3,"column":80}},"8":{"start":{"line":4,"column":21},"end":{"line":4,"column":47}},"9":{"start":{"line":4,"column":70},"end":{"line":4,"column":108}},"10":{"start":{"line":5,"column":18},"end":{"line":5,"column":40}},"11":{"start":{"line":6,"column":13},"end":{"line":6,"column":38}},"12":{"start":{"line":6,"column":53},"end":{"line":6,"column":83}},"13":{"start":{"line":6,"column":122},"end":{"line":6,"column":176}},"14":{"start":{"line":7,"column":68},"end":{"line":68,"column":13}},"15":{"start":{"line":35,"column":6},"end":{"line":36,"column":59}},"16":{"start":{"line":35,"column":34},"end":{"line":36,"column":56}},"17":{"start":{"line":41,"column":6},"end":{"line":52,"column":9}},"18":{"start":{"line":42,"column":8},"end":{"line":48,"column":44}},"19":{"start":{"line":55,"column":21},"end":{"line":55,"column":57}},"20":{"start":{"line":55,"column":49},"end":{"line":55,"column":56}},"21":{"start":{"line":56,"column":24},"end":{"line":56,"column":43}},"22":{"start":{"line":57,"column":6},"end":{"line":59,"column":7}},"23":{"start":{"line":58,"column":8},"end":{"line":58,"column":25}},"24":{"start":{"line":60,"column":6},"end":{"line":60,"column":18}},"25":{"start":{"line":63,"column":6},"end":{"line":67,"column":9}},"26":{"start":{"line":64,"column":8},"end":{"line":65,"column":64}},"27":{"start":{"line":65,"column":49},"end":{"line":65,"column":60}},"28":{"start":{"line":92,"column":28},"end":{"line":92,"column":54}},"29":{"start":{"line":92,"column":73},"end":{"line":92,"column":92}},"30":{"start":{"line":92,"column":93},"end":{"line":92,"column":1093}},"31":{"start":{"line":92,"column":595},"end":{"line":92,"column":928}},"32":{"start":{"line":97,"column":24},"end":{"line":98,"column":27}},"33":{"start":{"line":97,"column":34},"end":{"line":98,"column":26}},"34":{"start":{"line":101,"column":27},"end":{"line":101,"column":29}},"35":{"start":{"line":101,"column":30},"end":{"line":106,"column":5}}},"fnMap":{"0":{"name":"_interopRequireDefault","decl":{"start":{"line":6,"column":93},"end":{"line":6,"column":115}},"loc":{"start":{"line":6,"column":121},"end":{"line":6,"column":177}},"line":6},"1":{"name":"(anonymous_1)","decl":{"start":{"line":7,"column":36},"end":{"line":7,"column":37}},"loc":{"start":{"line":7,"column":57},"end":{"line":68,"column":14}},"line":7},"2":{"name":"(anonymous_2)","decl":{"start":{"line":34,"column":25},"end":{"line":34,"column":26}},"loc":{"start":{"line":34,"column":43},"end":{"line":38,"column":5}},"line":34},"3":{"name":"(anonymous_3)","decl":{"start":{"line":35,"column":20},"end":{"line":35,"column":21}},"loc":{"start":{"line":35,"column":34},"end":{"line":36,"column":56}},"line":35},"4":{"name":"(anonymous_4)","decl":{"start":{"line":40,"column":22},"end":{"line":40,"column":23}},"loc":{"start":{"line":40,"column":30},"end":{"line":53,"column":5}},"line":40},"5":{"name":"(anonymous_5)","decl":{"start":{"line":41,"column":20},"end":{"line":41,"column":21}},"loc":{"start":{"line":41,"column":33},"end":{"line":52,"column":7}},"line":41},"6":{"name":"(anonymous_6)","decl":{"start":{"line":54,"column":19},"end":{"line":54,"column":20}},"loc":{"start":{"line":54,"column":25},"end":{"line":61,"column":5}},"line":54},"7":{"name":"(anonymous_7)","decl":{"start":{"line":55,"column":44},"end":{"line":55,"column":45}},"loc":{"start":{"line":55,"column":49},"end":{"line":55,"column":56}},"line":55},"8":{"name":"(anonymous_8)","decl":{"start":{"line":62,"column":25},"end":{"line":62,"column":26}},"loc":{"start":{"line":62,"column":31},"end":{"line":68,"column":5}},"line":62},"9":{"name":"(anonymous_9)","decl":{"start":{"line":63,"column":20},"end":{"line":63,"column":21}},"loc":{"start":{"line":63,"column":33},"end":{"line":67,"column":7}},"line":63},"10":{"name":"(anonymous_10)","decl":{"start":{"line":65,"column":44},"end":{"line":65,"column":45}},"loc":{"start":{"line":65,"column":49},"end":{"line":65,"column":60}},"line":65},"11":{"name":"(anonymous_11)","decl":{"start":{"line":92,"column":2},"end":{"line":92,"column":3}},"loc":{"start":{"line":92,"column":11},"end":{"line":94,"column":3}},"line":92},"12":{"name":"(anonymous_12)","decl":{"start":{"line":92,"column":576},"end":{"line":92,"column":577}},"loc":{"start":{"line":92,"column":595},"end":{"line":92,"column":928}},"line":92},"13":{"name":"(anonymous_13)","decl":{"start":{"line":97,"column":24},"end":{"line":97,"column":25}},"loc":{"start":{"line":97,"column":34},"end":{"line":98,"column":26}},"line":97}},"branchMap":{"0":{"loc":{"start":{"line":6,"column":129},"end":{"line":6,"column":175}},"type":"cond-expr","locations":[{"start":{"line":6,"column":153},"end":{"line":6,"column":156}},{"start":{"line":6,"column":159},"end":{"line":6,"column":175}}],"line":6},"1":{"loc":{"start":{"line":6,"column":129},"end":{"line":6,"column":150}},"type":"binary-expr","locations":[{"start":{"line":6,"column":129},"end":{"line":6,"column":132}},{"start":{"line":6,"column":136},"end":{"line":6,"column":150}}],"line":6},"2":{"loc":{"start":{"line":57,"column":6},"end":{"line":59,"column":7}},"type":"if","locations":[{"start":{"line":57,"column":6},"end":{"line":59,"column":7}},{"start":{"line":57,"column":6},"end":{"line":59,"column":7}}],"line":57}},"s":{"0":0,"1":0,"2":0,"3":0,"4":0,"5":0,"6":0,"7":0,"8":0,"9":0,"10":0,"11":0,"12":0,"13":0,"14":0,"15":0,"16":0,"17":0,"18":0,"19":0,"20":0,"21":0,"22":0,"23":0,"24":0,"25":0,"26":0,"27":0,"28":0,"29":0,"30":0,"31":0,"32":0,"33":0,"34":0,"35":0},"f":{"0":0,"1":0,"2":0,"3":0,"4":0,"5":0,"6":0,"7":0,"8":0,"9":0,"10":0,"11":0,"12":0,"13":0},"b":{"0":[0,0],"1":[0,0],"2":[0,0]}}
,"/Users/dideloswah/Desktop/ScoreBoard/src/components/Counter.js": {"path":"/Users/dideloswah/Desktop/ScoreBoard/src/components/Counter.js","statementMap":{"0":{"start":{"line":4,"column":16},"end":{"line":23,"column":1}},"1":{"start":{"line":5,"column":2},"end":{"line":22,"column":4}},"2":{"start":{"line":10,"column":23},"end":{"line":10,"column":46}},"3":{"start":{"line":17,"column":23},"end":{"line":17,"column":45}},"4":{"start":{"line":25,"column":0},"end":{"line":29,"column":2}}},"fnMap":{"0":{"name":"(anonymous_0)","decl":{"start":{"line":4,"column":16},"end":{"line":4,"column":17}},"loc":{"start":{"line":4,"column":52},"end":{"line":23,"column":1}},"line":4},"1":{"name":"(anonymous_1)","decl":{"start":{"line":10,"column":17},"end":{"line":10,"column":18}},"loc":{"start":{"line":10,"column":23},"end":{"line":10,"column":46}},"line":10},"2":{"name":"(anonymous_2)","decl":{"start":{"line":17,"column":17},"end":{"line":17,"column":18}},"loc":{"start":{"line":17,"column":23},"end":{"line":17,"column":45}},"line":17}},"branchMap":{},"s":{"0":1,"1":1,"2":1,"3":0,"4":1},"f":{"0":1,"1":1,"2":0},"b":{},"_coverageSchema":"332fd63041d2c1bcb487cc26dd0d5f7d97098a6c","hash":"d09188a04e1b690f923c786d2d57d4b3527e5c80"}
,"/Users/dideloswah/Desktop/ScoreBoard/src/components/Header.js": {"path":"/Users/dideloswah/Desktop/ScoreBoard/src/components/Header.js","statementMap":{"0":{"start":{"line":1,"column":13},"end":{"line":1,"column":75}},"1":{"start":{"line":1,"column":94},"end":{"line":1,"column":157}},"2":{"start":{"line":1,"column":171},"end":{"line":1,"column":187}},"3":{"start":{"line":1,"column":202},"end":{"line":1,"column":232}},"4":{"start":{"line":2,"column":17},"end":{"line":2,"column":39}},"5":{"start":{"line":2,"column":58},"end":{"line":2,"column":92}},"6":{"start":{"line":3,"column":13},"end":{"line":3,"column":31}},"7":{"start":{"line":3,"column":46},"end":{"line":3,"column":76}},"8":{"start":{"line":3,"column":115},"end":{"line":3,"column":169}},"9":{"start":{"line":6,"column":4},"end":{"line":6,"column":14}},"10":{"start":{"line":6,"column":31},"end":{"line":6,"column":45}},"11":{"start":{"line":6,"column":54},"end":{"line":6,"column":66}},"12":{"start":{"line":7,"column":4},"end":{"line":11,"column":133}},"13":{"start":{"line":15,"column":4},"end":{"line":18,"column":7}}},"fnMap":{"0":{"name":"_interopRequireDefault","decl":{"start":{"line":3,"column":86},"end":{"line":3,"column":108}},"loc":{"start":{"line":3,"column":114},"end":{"line":3,"column":170}},"line":3},"1":{"name":"(anonymous_1)","decl":{"start":{"line":5,"column":2},"end":{"line":5,"column":3}},"loc":{"start":{"line":5,"column":11},"end":{"line":15,"column":3}},"line":5}},"branchMap":{"0":{"loc":{"start":{"line":3,"column":122},"end":{"line":3,"column":168}},"type":"cond-expr","locations":[{"start":{"line":3,"column":146},"end":{"line":3,"column":149}},{"start":{"line":3,"column":152},"end":{"line":3,"column":168}}],"line":3},"1":{"loc":{"start":{"line":3,"column":122},"end":{"line":3,"column":143}},"type":"binary-expr","locations":[{"start":{"line":3,"column":122},"end":{"line":3,"column":125}},{"start":{"line":3,"column":129},"end":{"line":3,"column":143}}],"line":3}},"s":{"0":0,"1":0,"2":0,"3":0,"4":0,"5":0,"6":0,"7":0,"8":0,"9":0,"10":0,"11":0,"12":0,"13":0},"f":{"0":0,"1":0},"b":{"0":[0,0],"1":[0,0]}}
,"/Users/dideloswah/Desktop/ScoreBoard/src/components/Icon.js": {"path":"/Users/dideloswah/Desktop/ScoreBoard/src/components/Icon.js","statementMap":{"0":{"start":{"line":1,"column":13},"end":{"line":1,"column":75}},"1":{"start":{"line":1,"column":94},"end":{"line":1,"column":155}},"2":{"start":{"line":1,"column":169},"end":{"line":1,"column":185}},"3":{"start":{"line":1,"column":200},"end":{"line":1,"column":230}},"4":{"start":{"line":1,"column":269},"end":{"line":1,"column":323}},"5":{"start":{"line":3,"column":13},"end":{"line":6,"column":196}},"6":{"start":{"line":4,"column":0},"end":{"line":6,"column":196}},"7":{"start":{"line":6,"column":197},"end":{"line":10,"column":5}}},"fnMap":{"0":{"name":"_interopRequireDefault","decl":{"start":{"line":1,"column":240},"end":{"line":1,"column":262}},"loc":{"start":{"line":1,"column":268},"end":{"line":1,"column":324}},"line":1},"1":{"name":"(anonymous_1)","decl":{"start":{"line":3,"column":13},"end":{"line":3,"column":14}},"loc":{"start":{"line":4,"column":0},"end":{"line":6,"column":196}},"line":4}},"branchMap":{"0":{"loc":{"start":{"line":1,"column":276},"end":{"line":1,"column":322}},"type":"cond-expr","locations":[{"start":{"line":1,"column":300},"end":{"line":1,"column":303}},{"start":{"line":1,"column":306},"end":{"line":1,"column":322}}],"line":1},"1":{"loc":{"start":{"line":1,"column":276},"end":{"line":1,"column":297}},"type":"binary-expr","locations":[{"start":{"line":1,"column":276},"end":{"line":1,"column":279}},{"start":{"line":1,"column":283},"end":{"line":1,"column":297}}],"line":1},"2":{"loc":{"start":{"line":4,"column":72},"end":{"line":4,"column":114}},"type":"cond-expr","locations":[{"start":{"line":4,"column":92},"end":{"line":4,"column":107}},{"start":{"line":4,"column":110},"end":{"line":4,"column":114}}],"line":4}},"s":{"0":0,"1":0,"2":0,"3":0,"4":0,"5":0,"6":0,"7":0},"f":{"0":0,"1":0},"b":{"0":[0,0],"1":[0,0],"2":[0,0]}}
,"/Users/dideloswah/Desktop/ScoreBoard/src/components/Player.js": {"path":"/Users/dideloswah/Desktop/ScoreBoard/src/components/Player.js","statementMap":{"0":{"start":{"line":1,"column":13},"end":{"line":1,"column":75}},"1":{"start":{"line":1,"column":94},"end":{"line":1,"column":157}},"2":{"start":{"line":1,"column":171},"end":{"line":1,"column":187}},"3":{"start":{"line":1,"column":202},"end":{"line":1,"column":232}},"4":{"start":{"line":2,"column":17},"end":{"line":2,"column":38}},"5":{"start":{"line":2,"column":57},"end":{"line":2,"column":91}},"6":{"start":{"line":3,"column":15},"end":{"line":3,"column":35}},"7":{"start":{"line":3,"column":52},"end":{"line":3,"column":84}},"8":{"start":{"line":4,"column":12},"end":{"line":4,"column":29}},"9":{"start":{"line":4,"column":43},"end":{"line":4,"column":72}},"10":{"start":{"line":4,"column":111},"end":{"line":4,"column":165}},"11":{"start":{"line":16,"column":2},"end":{"line":16,"column":12}},"12":{"start":{"line":16,"column":24},"end":{"line":16,"column":33}},"13":{"start":{"line":16,"column":42},"end":{"line":16,"column":54}},"14":{"start":{"line":16,"column":62},"end":{"line":16,"column":73}},"15":{"start":{"line":16,"column":82},"end":{"line":16,"column":94}},"16":{"start":{"line":16,"column":109},"end":{"line":16,"column":127}},"17":{"start":{"line":16,"column":143},"end":{"line":16,"column":162}},"18":{"start":{"line":16,"column":177},"end":{"line":16,"column":195}},"19":{"start":{"line":18,"column":2},"end":{"line":28,"column":182}},"20":{"start":{"line":21,"column":90},"end":{"line":21,"column":106}},"21":{"start":{"line":31,"column":3},"end":{"line":31,"column":240}},"22":{"start":{"line":31,"column":240},"end":{"line":34,"column":7}}},"fnMap":{"0":{"name":"_interopRequireDefault","decl":{"start":{"line":4,"column":82},"end":{"line":4,"column":104}},"loc":{"start":{"line":4,"column":110},"end":{"line":4,"column":166}},"line":4},"1":{"name":"(anonymous_1)","decl":{"start":{"line":15,"column":1},"end":{"line":15,"column":2}},"loc":{"start":{"line":15,"column":10},"end":{"line":31,"column":2}},"line":15},"2":{"name":"(anonymous_2)","decl":{"start":{"line":21,"column":84},"end":{"line":21,"column":85}},"loc":{"start":{"line":21,"column":90},"end":{"line":21,"column":106}},"line":21}},"branchMap":{"0":{"loc":{"start":{"line":4,"column":118},"end":{"line":4,"column":164}},"type":"cond-expr","locations":[{"start":{"line":4,"column":142},"end":{"line":4,"column":145}},{"start":{"line":4,"column":148},"end":{"line":4,"column":164}}],"line":4},"1":{"loc":{"start":{"line":4,"column":118},"end":{"line":4,"column":139}},"type":"binary-expr","locations":[{"start":{"line":4,"column":118},"end":{"line":4,"column":121}},{"start":{"line":4,"column":125},"end":{"line":4,"column":139}}],"line":4}},"s":{"0":0,"1":0,"2":0,"3":0,"4":0,"5":0,"6":0,"7":0,"8":0,"9":0,"10":0,"11":0,"12":0,"13":0,"14":0,"15":0,"16":0,"17":0,"18":0,"19":0,"20":0,"21":0,"22":0},"f":{"0":0,"1":0,"2":0},"b":{"0":[0,0],"1":[0,0]}}
,"/Users/dideloswah/Desktop/ScoreBoard/src/components/Stats.js": {"path":"/Users/dideloswah/Desktop/ScoreBoard/src/components/Stats.js","statementMap":{"0":{"start":{"line":1,"column":13},"end":{"line":1,"column":75}},"1":{"start":{"line":1,"column":94},"end":{"line":1,"column":156}},"2":{"start":{"line":1,"column":170},"end":{"line":1,"column":186}},"3":{"start":{"line":1,"column":201},"end":{"line":1,"column":231}},"4":{"start":{"line":1,"column":270},"end":{"line":1,"column":324}},"5":{"start":{"line":5,"column":18},"end":{"line":5,"column":36}},"6":{"start":{"line":6,"column":29},"end":{"line":6,"column":43}},"7":{"start":{"line":7,"column":28},"end":{"line":9,"column":13}},"8":{"start":{"line":8,"column":12},"end":{"line":8,"column":40}},"9":{"start":{"line":10,"column":8},"end":{"line":19,"column":149}},"10":{"start":{"line":24,"column":6},"end":{"line":27,"column":6}}},"fnMap":{"0":{"name":"_interopRequireDefault","decl":{"start":{"line":1,"column":241},"end":{"line":1,"column":263}},"loc":{"start":{"line":1,"column":269},"end":{"line":1,"column":325}},"line":1},"1":{"name":"(anonymous_1)","decl":{"start":{"line":4,"column":4},"end":{"line":4,"column":5}},"loc":{"start":{"line":4,"column":13},"end":{"line":24,"column":5}},"line":4},"2":{"name":"(anonymous_2)","decl":{"start":{"line":7,"column":43},"end":{"line":7,"column":44}},"loc":{"start":{"line":7,"column":62},"end":{"line":9,"column":9}},"line":7}},"branchMap":{"0":{"loc":{"start":{"line":1,"column":277},"end":{"line":1,"column":323}},"type":"cond-expr","locations":[{"start":{"line":1,"column":301},"end":{"line":1,"column":304}},{"start":{"line":1,"column":307},"end":{"line":1,"column":323}}],"line":1},"1":{"loc":{"start":{"line":1,"column":277},"end":{"line":1,"column":298}},"type":"binary-expr","locations":[{"start":{"line":1,"column":277},"end":{"line":1,"column":280}},{"start":{"line":1,"column":284},"end":{"line":1,"column":298}}],"line":1}},"s":{"0":0,"1":0,"2":0,"3":0,"4":0,"5":0,"6":0,"7":0,"8":0,"9":0,"10":0},"f":{"0":0,"1":0,"2":0},"b":{"0":[0,0],"1":[0,0]}}
,"/Users/dideloswah/Desktop/ScoreBoard/src/components/Stopwatch.js": {"path":"/Users/dideloswah/Desktop/ScoreBoard/src/components/Stopwatch.js","statementMap":{"0":{"start":{"line":1,"column":13},"end":{"line":1,"column":75}},"1":{"start":{"line":1,"column":94},"end":{"line":1,"column":160}},"2":{"start":{"line":1,"column":174},"end":{"line":1,"column":190}},"3":{"start":{"line":1,"column":205},"end":{"line":1,"column":235}},"4":{"start":{"line":1,"column":274},"end":{"line":1,"column":328}},"5":{"start":{"line":3,"column":74},"end":{"line":37,"column":17}},"6":{"start":{"line":18,"column":12},"end":{"line":24,"column":13}},"7":{"start":{"line":19,"column":28},"end":{"line":19,"column":38}},"8":{"start":{"line":20,"column":16},"end":{"line":22,"column":87}},"9":{"start":{"line":20,"column":44},"end":{"line":22,"column":84}},"10":{"start":{"line":27,"column":12},"end":{"line":28,"column":52}},"11":{"start":{"line":27,"column":40},"end":{"line":28,"column":49}},"12":{"start":{"line":30,"column":12},"end":{"line":32,"column":13}},"13":{"start":{"line":31,"column":16},"end":{"line":31,"column":56}},"14":{"start":{"line":36,"column":12},"end":{"line":36,"column":45}},"15":{"start":{"line":37,"column":39},"end":{"line":37,"column":93}},"16":{"start":{"line":37,"column":75},"end":{"line":37,"column":86}},"17":{"start":{"line":37,"column":118},"end":{"line":37,"column":149}},"18":{"start":{"line":39,"column":24},"end":{"line":39,"column":64}},"19":{"start":{"line":40,"column":8},"end":{"line":49,"column":166}},"20":{"start":{"line":52,"column":6},"end":{"line":55,"column":10}}},"fnMap":{"0":{"name":"_interopRequireDefault","decl":{"start":{"line":1,"column":245},"end":{"line":1,"column":267}},"loc":{"start":{"line":1,"column":273},"end":{"line":1,"column":329}},"line":1},"1":{"name":"(anonymous_1)","decl":{"start":{"line":3,"column":42},"end":{"line":3,"column":43}},"loc":{"start":{"line":3,"column":63},"end":{"line":37,"column":18}},"line":3},"2":{"name":"(anonymous_2)","decl":{"start":{"line":17,"column":15},"end":{"line":17,"column":16}},"loc":{"start":{"line":17,"column":21},"end":{"line":25,"column":9}},"line":17},"3":{"name":"(anonymous_3)","decl":{"start":{"line":20,"column":30},"end":{"line":20,"column":31}},"loc":{"start":{"line":20,"column":44},"end":{"line":22,"column":84}},"line":20},"4":{"name":"(anonymous_4)","decl":{"start":{"line":26,"column":26},"end":{"line":26,"column":27}},"loc":{"start":{"line":26,"column":32},"end":{"line":33,"column":9}},"line":26},"5":{"name":"(anonymous_5)","decl":{"start":{"line":27,"column":26},"end":{"line":27,"column":27}},"loc":{"start":{"line":27,"column":40},"end":{"line":28,"column":49}},"line":27},"6":{"name":"(anonymous_6)","decl":{"start":{"line":35,"column":22},"end":{"line":35,"column":23}},"loc":{"start":{"line":35,"column":28},"end":{"line":37,"column":9}},"line":35},"7":{"name":"(anonymous_7)","decl":{"start":{"line":37,"column":18},"end":{"line":37,"column":19}},"loc":{"start":{"line":37,"column":38},"end":{"line":37,"column":94}},"line":37},"8":{"name":"(anonymous_8)","decl":{"start":{"line":37,"column":69},"end":{"line":37,"column":70}},"loc":{"start":{"line":37,"column":75},"end":{"line":37,"column":86}},"line":37},"9":{"name":"(anonymous_9)","decl":{"start":{"line":37,"column":94},"end":{"line":37,"column":95}},"loc":{"start":{"line":37,"column":117},"end":{"line":37,"column":150}},"line":37},"10":{"name":"(anonymous_10)","decl":{"start":{"line":38,"column":4},"end":{"line":38,"column":5}},"loc":{"start":{"line":38,"column":13},"end":{"line":52,"column":5}},"line":38}},"branchMap":{"0":{"loc":{"start":{"line":1,"column":281},"end":{"line":1,"column":327}},"type":"cond-expr","locations":[{"start":{"line":1,"column":305},"end":{"line":1,"column":308}},{"start":{"line":1,"column":311},"end":{"line":1,"column":327}}],"line":1},"1":{"loc":{"start":{"line":1,"column":281},"end":{"line":1,"column":302}},"type":"binary-expr","locations":[{"start":{"line":1,"column":281},"end":{"line":1,"column":284}},{"start":{"line":1,"column":288},"end":{"line":1,"column":302}}],"line":1},"2":{"loc":{"start":{"line":18,"column":12},"end":{"line":24,"column":13}},"type":"if","locations":[{"start":{"line":18,"column":12},"end":{"line":24,"column":13}},{"start":{"line":18,"column":12},"end":{"line":24,"column":13}}],"line":18},"3":{"loc":{"start":{"line":30,"column":12},"end":{"line":32,"column":13}},"type":"if","locations":[{"start":{"line":30,"column":12},"end":{"line":32,"column":13}},{"start":{"line":30,"column":12},"end":{"line":32,"column":13}}],"line":30},"4":{"loc":{"start":{"line":47,"column":20},"end":{"line":47,"column":59}},"type":"cond-expr","locations":[{"start":{"line":47,"column":43},"end":{"line":47,"column":49}},{"start":{"line":47,"column":52},"end":{"line":47,"column":59}}],"line":47}},"s":{"0":0,"1":0,"2":0,"3":0,"4":0,"5":0,"6":0,"7":0,"8":0,"9":0,"10":0,"11":0,"12":0,"13":0,"14":0,"15":0,"16":0,"17":0,"18":0,"19":0,"20":0},"f":{"0":0,"1":0,"2":0,"3":0,"4":0,"5":0,"6":0,"7":0,"8":0,"9":0,"10":0},"b":{"0":[0,0],"1":[0,0],"2":[0,0],"3":[0,0],"4":[0,0]}}
,"/Users/dideloswah/Desktop/ScoreBoard/src/redux/store.js": {"path":"/Users/dideloswah/Desktop/ScoreBoard/src/redux/store.js","statementMap":{"0":{"start":{"line":1,"column":13},"end":{"line":1,"column":75}},"1":{"start":{"line":1,"column":88},"end":{"line":1,"column":104}},"2":{"start":{"line":2,"column":30},"end":{"line":2,"column":65}},"3":{"start":{"line":3,"column":18},"end":{"line":3,"column":40}},"4":{"start":{"line":3,"column":60},"end":{"line":3,"column":95}},"5":{"start":{"line":4,"column":16},"end":{"line":4,"column":37}},"6":{"start":{"line":4,"column":55},"end":{"line":4,"column":88}},"7":{"start":{"line":4,"column":127},"end":{"line":4,"column":181}},"8":{"start":{"line":6,"column":21},"end":{"line":6,"column":23}},"9":{"start":{"line":8,"column":19},"end":{"line":8,"column":41}},"10":{"start":{"line":10,"column":14},"end":{"line":13,"column":93}},"11":{"start":{"line":13,"column":94},"end":{"line":16,"column":6}}},"fnMap":{"0":{"name":"_interopRequireDefault","decl":{"start":{"line":4,"column":98},"end":{"line":4,"column":120}},"loc":{"start":{"line":4,"column":126},"end":{"line":4,"column":182}},"line":4}},"branchMap":{"0":{"loc":{"start":{"line":4,"column":134},"end":{"line":4,"column":180}},"type":"cond-expr","locations":[{"start":{"line":4,"column":158},"end":{"line":4,"column":161}},{"start":{"line":4,"column":164},"end":{"line":4,"column":180}}],"line":4},"1":{"loc":{"start":{"line":4,"column":134},"end":{"line":4,"column":155}},"type":"binary-expr","locations":[{"start":{"line":4,"column":134},"end":{"line":4,"column":137}},{"start":{"line":4,"column":141},"end":{"line":4,"column":155}}],"line":4}},"s":{"0":0,"1":0,"2":0,"3":0,"4":0,"5":0,"6":0,"7":0,"8":0,"9":0,"10":0,"11":0},"f":{"0":0},"b":{"0":[0,0],"1":[0,0]}}
,"/Users/dideloswah/Desktop/ScoreBoard/src/redux/actions/types.js": {"path":"/Users/dideloswah/Desktop/ScoreBoard/src/redux/actions/types.js","statementMap":{"0":{"start":{"line":1,"column":13},"end":{"line":1,"column":75}},"1":{"start":{"line":1,"column":94},"end":{"line":1,"column":127}},"2":{"start":{"line":2,"column":22},"end":{"line":2,"column":61}},"3":{"start":{"line":3,"column":22},"end":{"line":3,"column":61}}},"fnMap":{},"branchMap":{},"s":{"0":0,"1":0,"2":0,"3":0},"f":{},"b":{}}
,"/Users/dideloswah/Desktop/ScoreBoard/src/redux/reducers/addPlayers.js": {"path":"/Users/dideloswah/Desktop/ScoreBoard/src/redux/reducers/addPlayers.js","statementMap":{"0":{"start":{"line":1,"column":13},"end":{"line":1,"column":75}},"1":{"start":{"line":1,"column":88},"end":{"line":1,"column":115}},"2":{"start":{"line":3,"column":21},"end":{"line":23,"column":14}},"3":{"start":{"line":23,"column":15},"end":{"line":40,"column":2}},"4":{"start":{"line":29,"column":2},"end":{"line":38,"column":20}},"5":{"start":{"line":31,"column":6},"end":{"line":31,"column":80}},"6":{"start":{"line":33,"column":6},"end":{"line":35,"column":56}},"7":{"start":{"line":35,"column":43},"end":{"line":35,"column":51}},"8":{"start":{"line":38,"column":6},"end":{"line":38,"column":19}}},"fnMap":{"0":{"name":"(anonymous_0)","decl":{"start":{"line":28,"column":0},"end":{"line":28,"column":1}},"loc":{"start":{"line":28,"column":45},"end":{"line":40,"column":1}},"line":28},"1":{"name":"(anonymous_1)","decl":{"start":{"line":35,"column":38},"end":{"line":35,"column":39}},"loc":{"start":{"line":35,"column":43},"end":{"line":35,"column":51}},"line":35}},"branchMap":{"0":{"loc":{"start":{"line":28,"column":1},"end":{"line":28,"column":21}},"type":"default-arg","locations":[{"start":{"line":28,"column":9},"end":{"line":28,"column":21}}],"line":28},"1":{"loc":{"start":{"line":29,"column":2},"end":{"line":38,"column":20}},"type":"switch","locations":[{"start":{"line":30,"column":4},"end":{"line":31,"column":80}},{"start":{"line":32,"column":4},"end":{"line":35,"column":56}},{"start":{"line":37,"column":4},"end":{"line":38,"column":19}}],"line":29}},"s":{"0":0,"1":0,"2":0,"3":0,"4":0,"5":0,"6":0,"7":0,"8":0},"f":{"0":0,"1":0},"b":{"0":[0],"1":[0,0,0]}}
,"/Users/dideloswah/Desktop/ScoreBoard/src/redux/reducers/index.js": {"path":"/Users/dideloswah/Desktop/ScoreBoard/src/redux/reducers/index.js","statementMap":{"0":{"start":{"line":1,"column":13},"end":{"line":1,"column":75}},"1":{"start":{"line":1,"column":88},"end":{"line":1,"column":104}},"2":{"start":{"line":2,"column":18},"end":{"line":2,"column":41}},"3":{"start":{"line":2,"column":61},"end":{"line":2,"column":96}},"4":{"start":{"line":2,"column":135},"end":{"line":2,"column":189}},"5":{"start":{"line":2,"column":190},"end":{"line":5,"column":35}}},"fnMap":{"0":{"name":"_interopRequireDefault","decl":{"start":{"line":2,"column":106},"end":{"line":2,"column":128}},"loc":{"start":{"line":2,"column":134},"end":{"line":2,"column":190}},"line":2}},"branchMap":{"0":{"loc":{"start":{"line":2,"column":142},"end":{"line":2,"column":188}},"type":"cond-expr","locations":[{"start":{"line":2,"column":166},"end":{"line":2,"column":169}},{"start":{"line":2,"column":172},"end":{"line":2,"column":188}}],"line":2},"1":{"loc":{"start":{"line":2,"column":142},"end":{"line":2,"column":163}},"type":"binary-expr","locations":[{"start":{"line":2,"column":142},"end":{"line":2,"column":145}},{"start":{"line":2,"column":149},"end":{"line":2,"column":163}}],"line":2}},"s":{"0":0,"1":0,"2":0,"3":0,"4":0,"5":0},"f":{"0":0},"b":{"0":[0,0],"1":[0,0]}}
}
